<?xml version="1.0" encoding="UTF-8"?>
<testng-results ignored="0" total="5" passed="3" failed="2" skipped="0">
  <reporter-output>
  </reporter-output>
  <suite started-at="2018-04-18T16:30:15Z" name="Default suite" finished-at="2018-04-18T16:31:03Z" duration-ms="48287">
    <groups>
    </groups>
    <test started-at="2018-04-18T16:30:15Z" name="Default test" finished-at="2018-04-18T16:31:03Z" duration-ms="48287">
      <class name="com.cpwplc.qa.testpage2.Redirect">
        <test-method is-config="true" signature="setUp()[pri:0, instance:com.cpwplc.qa.testpage2.Redirect@68e965f5]" started-at="2018-04-18T17:30:27Z" name="setUp" finished-at="2018-04-18T17:30:32Z" duration-ms="5326" status="PASS">
          <reporter-output>
          </reporter-output>
        </test-method> <!-- setUp -->
        <test-method signature="redirect(java.lang.String, java.lang.String)[pri:1, instance:com.cpwplc.qa.testpage2.Redirect@68e965f5]" started-at="2018-04-18T17:30:32Z" name="redirect" data-provider="getCPWRedirectURL" finished-at="2018-04-18T17:30:32Z" duration-ms="280" status="FAIL">
          <params>
            <param index="0">
              <value>
                <![CDATA[http://www.carphonewarehouse.com/passwordReset]]>
              </value>
            </param>
            <param index="1">
              <value>
                <![CDATA[/password-reset.html]]>
              </value>
            </param>
          </params>
          <exception class="java.lang.AssertionError">
            <message>
              <![CDATA[expected [/password-reset.html] but found [http://password-reset.html/]]]>
            </message>
            <full-stacktrace>
              <![CDATA[java.lang.AssertionError: expected [/password-reset.html] but found [http://password-reset.html/]
	at org.testng.Assert.fail(Assert.java:93)
	at org.testng.Assert.failNotEquals(Assert.java:512)
	at org.testng.Assert.assertEqualsImpl(Assert.java:134)
	at org.testng.Assert.assertEquals(Assert.java:115)
	at org.testng.Assert.assertEquals(Assert.java:189)
	at org.testng.Assert.assertEquals(Assert.java:199)
	at com.cpwplc.qa.testpage2.Redirect.redirect(Redirect.java:49)
	at java.base/jdk.internal.reflect.NativeMethodAccessorImpl.invoke0(Native Method)
	at java.base/jdk.internal.reflect.NativeMethodAccessorImpl.invoke(Unknown Source)
	at java.base/jdk.internal.reflect.DelegatingMethodAccessorImpl.invoke(Unknown Source)
	at java.base/java.lang.reflect.Method.invoke(Unknown Source)
	at org.testng.internal.MethodInvocationHelper.invokeMethod(MethodInvocationHelper.java:108)
	at org.testng.internal.Invoker.invokeMethod(Invoker.java:661)
	at org.testng.internal.Invoker.invokeTestMethod(Invoker.java:869)
	at org.testng.internal.Invoker.invokeTestMethods(Invoker.java:1193)
	at org.testng.internal.TestMethodWorker.invokeTestMethods(TestMethodWorker.java:126)
	at org.testng.internal.TestMethodWorker.run(TestMethodWorker.java:109)
	at org.testng.TestRunner.privateRun(TestRunner.java:744)
	at org.testng.TestRunner.run(TestRunner.java:602)
	at org.testng.SuiteRunner.runTest(SuiteRunner.java:380)
	at org.testng.SuiteRunner.runSequentially(SuiteRunner.java:375)
	at org.testng.SuiteRunner.privateRun(SuiteRunner.java:340)
	at org.testng.SuiteRunner.run(SuiteRunner.java:289)
	at org.testng.SuiteRunnerWorker.runSuite(SuiteRunnerWorker.java:52)
	at org.testng.SuiteRunnerWorker.run(SuiteRunnerWorker.java:86)
	at org.testng.TestNG.runSuitesSequentially(TestNG.java:1301)
	at org.testng.TestNG.runSuitesLocally(TestNG.java:1226)
	at org.testng.TestNG.runSuites(TestNG.java:1144)
	at org.testng.TestNG.run(TestNG.java:1115)
	at org.testng.remote.AbstractRemoteTestNG.run(AbstractRemoteTestNG.java:114)
	at org.testng.remote.RemoteTestNG.initAndRun(RemoteTestNG.java:251)
	at org.testng.remote.RemoteTestNG.main(RemoteTestNG.java:77)
]]>
            </full-stacktrace>
          </exception> <!-- java.lang.AssertionError -->
          <reporter-output>
          </reporter-output>
        </test-method> <!-- redirect -->
        <test-method is-config="true" signature="tearDown()[pri:0, instance:com.cpwplc.qa.testpage2.Redirect@68e965f5]" started-at="2018-04-18T17:30:32Z" name="tearDown" finished-at="2018-04-18T17:30:33Z" duration-ms="636" status="PASS">
          <reporter-output>
          </reporter-output>
        </test-method> <!-- tearDown -->
        <test-method is-config="true" signature="setUp()[pri:0, instance:com.cpwplc.qa.testpage2.Redirect@68e965f5]" started-at="2018-04-18T17:30:33Z" name="setUp" finished-at="2018-04-18T17:30:37Z" duration-ms="3961" status="PASS">
          <reporter-output>
          </reporter-output>
        </test-method> <!-- setUp -->
        <test-method signature="redirect(java.lang.String, java.lang.String)[pri:1, instance:com.cpwplc.qa.testpage2.Redirect@68e965f5]" started-at="2018-04-18T17:30:37Z" name="redirect" data-provider="getCPWRedirectURL" finished-at="2018-04-18T17:30:40Z" duration-ms="3093" status="FAIL">
          <params>
            <param index="0">
              <value>
                <![CDATA[http://www.carphonewarehouse.com/apple/iphone-se]]>
              </value>
            </param>
            <param index="1">
              <value>
                <![CDATA[https://www.carphonewarehouse.com/apple/iphone-se.html]]>
              </value>
            </param>
          </params>
          <exception class="java.lang.AssertionError">
            <message>
              <![CDATA[expected [https://www.carphonewarehouse.com/apple/iphone-se.html] but found [https://www.carphonewarehouse.com/apple/iphone-se.html#!colour=spacegrey&capacity=32GB&dealType=pm]]]>
            </message>
            <full-stacktrace>
              <![CDATA[java.lang.AssertionError: expected [https://www.carphonewarehouse.com/apple/iphone-se.html] but found [https://www.carphonewarehouse.com/apple/iphone-se.html#!colour=spacegrey&capacity=32GB&dealType=pm]
	at org.testng.Assert.fail(Assert.java:93)
	at org.testng.Assert.failNotEquals(Assert.java:512)
	at org.testng.Assert.assertEqualsImpl(Assert.java:134)
	at org.testng.Assert.assertEquals(Assert.java:115)
	at org.testng.Assert.assertEquals(Assert.java:189)
	at org.testng.Assert.assertEquals(Assert.java:199)
	at com.cpwplc.qa.testpage2.Redirect.redirect(Redirect.java:49)
	at java.base/jdk.internal.reflect.NativeMethodAccessorImpl.invoke0(Native Method)
	at java.base/jdk.internal.reflect.NativeMethodAccessorImpl.invoke(Unknown Source)
	at java.base/jdk.internal.reflect.DelegatingMethodAccessorImpl.invoke(Unknown Source)
	at java.base/java.lang.reflect.Method.invoke(Unknown Source)
	at org.testng.internal.MethodInvocationHelper.invokeMethod(MethodInvocationHelper.java:108)
	at org.testng.internal.Invoker.invokeMethod(Invoker.java:661)
	at org.testng.internal.Invoker.invokeTestMethod(Invoker.java:869)
	at org.testng.internal.Invoker.invokeTestMethods(Invoker.java:1193)
	at org.testng.internal.TestMethodWorker.invokeTestMethods(TestMethodWorker.java:126)
	at org.testng.internal.TestMethodWorker.run(TestMethodWorker.java:109)
	at org.testng.TestRunner.privateRun(TestRunner.java:744)
	at org.testng.TestRunner.run(TestRunner.java:602)
	at org.testng.SuiteRunner.runTest(SuiteRunner.java:380)
	at org.testng.SuiteRunner.runSequentially(SuiteRunner.java:375)
	at org.testng.SuiteRunner.privateRun(SuiteRunner.java:340)
	at org.testng.SuiteRunner.run(SuiteRunner.java:289)
	at org.testng.SuiteRunnerWorker.runSuite(SuiteRunnerWorker.java:52)
	at org.testng.SuiteRunnerWorker.run(SuiteRunnerWorker.java:86)
	at org.testng.TestNG.runSuitesSequentially(TestNG.java:1301)
	at org.testng.TestNG.runSuitesLocally(TestNG.java:1226)
	at org.testng.TestNG.runSuites(TestNG.java:1144)
	at org.testng.TestNG.run(TestNG.java:1115)
	at org.testng.remote.AbstractRemoteTestNG.run(AbstractRemoteTestNG.java:114)
	at org.testng.remote.RemoteTestNG.initAndRun(RemoteTestNG.java:251)
	at org.testng.remote.RemoteTestNG.main(RemoteTestNG.java:77)
]]>
            </full-stacktrace>
          </exception> <!-- java.lang.AssertionError -->
          <reporter-output>
          </reporter-output>
        </test-method> <!-- redirect -->
        <test-method is-config="true" signature="tearDown()[pri:0, instance:com.cpwplc.qa.testpage2.Redirect@68e965f5]" started-at="2018-04-18T17:30:40Z" name="tearDown" finished-at="2018-04-18T17:30:41Z" duration-ms="624" status="PASS">
          <reporter-output>
          </reporter-output>
        </test-method> <!-- tearDown -->
        <test-method is-config="true" signature="setUp()[pri:0, instance:com.cpwplc.qa.testpage2.Redirect@68e965f5]" started-at="2018-04-18T17:30:41Z" name="setUp" finished-at="2018-04-18T17:30:45Z" duration-ms="3986" status="PASS">
          <reporter-output>
          </reporter-output>
        </test-method> <!-- setUp -->
        <test-method signature="redirect(java.lang.String, java.lang.String)[pri:1, instance:com.cpwplc.qa.testpage2.Redirect@68e965f5]" started-at="2018-04-18T17:30:45Z" name="redirect" data-provider="getCPWRedirectURL" finished-at="2018-04-18T17:30:47Z" duration-ms="2501" status="PASS">
          <params>
            <param index="0">
              <value>
                <![CDATA[http://www.carphonewarehouse.com]]>
              </value>
            </param>
            <param index="1">
              <value>
                <![CDATA[https://www.carphonewarehouse.com/]]>
              </value>
            </param>
          </params>
          <reporter-output>
          </reporter-output>
        </test-method> <!-- redirect -->
        <test-method is-config="true" signature="tearDown()[pri:0, instance:com.cpwplc.qa.testpage2.Redirect@68e965f5]" started-at="2018-04-18T17:30:47Z" name="tearDown" finished-at="2018-04-18T17:30:48Z" duration-ms="613" status="PASS">
          <reporter-output>
          </reporter-output>
        </test-method> <!-- tearDown -->
        <test-method is-config="true" signature="setUp()[pri:0, instance:com.cpwplc.qa.testpage2.Redirect@68e965f5]" started-at="2018-04-18T17:30:48Z" name="setUp" finished-at="2018-04-18T17:30:52Z" duration-ms="3926" status="PASS">
          <reporter-output>
          </reporter-output>
        </test-method> <!-- setUp -->
        <test-method signature="redirect(java.lang.String, java.lang.String)[pri:1, instance:com.cpwplc.qa.testpage2.Redirect@68e965f5]" started-at="2018-04-18T17:30:52Z" name="redirect" data-provider="getCPWRedirectURL" finished-at="2018-04-18T17:30:55Z" duration-ms="2807" status="PASS">
          <params>
            <param index="0">
              <value>
                <![CDATA[http://www.carphonewarehouse.com/pay-monthly.html]]>
              </value>
            </param>
            <param index="1">
              <value>
                <![CDATA[https://www.carphonewarehouse.com/mobiles/pay-monthly.html]]>
              </value>
            </param>
          </params>
          <reporter-output>
          </reporter-output>
        </test-method> <!-- redirect -->
        <test-method is-config="true" signature="tearDown()[pri:0, instance:com.cpwplc.qa.testpage2.Redirect@68e965f5]" started-at="2018-04-18T17:30:55Z" name="tearDown" finished-at="2018-04-18T17:30:55Z" duration-ms="739" status="PASS">
          <reporter-output>
          </reporter-output>
        </test-method> <!-- tearDown -->
        <test-method is-config="true" signature="setUp()[pri:0, instance:com.cpwplc.qa.testpage2.Redirect@68e965f5]" started-at="2018-04-18T17:30:55Z" name="setUp" finished-at="2018-04-18T17:30:59Z" duration-ms="3909" status="PASS">
          <reporter-output>
          </reporter-output>
        </test-method> <!-- setUp -->
        <test-method signature="redirect(java.lang.String, java.lang.String)[pri:1, instance:com.cpwplc.qa.testpage2.Redirect@68e965f5]" started-at="2018-04-18T17:30:59Z" name="redirect" data-provider="getCPWRedirectURL" finished-at="2018-04-18T17:31:02Z" duration-ms="2914" status="PASS">
          <params>
            <param index="0">
              <value>
                <![CDATA[http://www.carphonewarehouse.com/pay-as-you-go.html]]>
              </value>
            </param>
            <param index="1">
              <value>
                <![CDATA[https://www.carphonewarehouse.com/mobiles/pay-as-you-go.html]]>
              </value>
            </param>
          </params>
          <reporter-output>
          </reporter-output>
        </test-method> <!-- redirect -->
        <test-method is-config="true" signature="tearDown()[pri:0, instance:com.cpwplc.qa.testpage2.Redirect@68e965f5]" started-at="2018-04-18T17:31:02Z" name="tearDown" finished-at="2018-04-18T17:31:03Z" duration-ms="800" status="PASS">
          <reporter-output>
          </reporter-output>
        </test-method> <!-- tearDown -->
      </class> <!-- com.cpwplc.qa.testpage2.Redirect -->
    </test> <!-- Default test -->
  </suite> <!-- Default suite -->
</testng-results>
